<?xml version="1.0" encoding="UTF-8"?>
<!-- Generated by org.testng.reporters.JUnitReportReporter -->
<testsuite hostname="FOCUS-QA-118" name="com.focus.testcases.LoginPageTest" tests="1" failures="0" timestamp="3 Jan 2023 13:26:00 GMT" time="104.318" errors="0">
  <testcase name="checkLoginAfterRestoring" time="104.318" classname="com.focus.testcases.LoginPageTest"/>
</testsuite> <!-- com.focus.testcases.LoginPageTest -->
