<?xml version="1.0" encoding="UTF-8"?>
<!-- Generated by org.testng.reporters.JUnitReportReporter -->
<testsuite hostname="FOCUS-QA-118" name="com.focus.testcases.URLBrowserTest" tests="2" failures="0" timestamp="4 Jan 2023 05:32:55 GMT" time="16.640" errors="0">
  <testcase name="checkLoginPageTitleByURLInputInBrowser" time="7.325" classname="com.focus.testcases.URLBrowserTest"/>
  <testcase name="verifyBrowserOpen" time="9.315" classname="com.focus.testcases.URLBrowserTest"/>
</testsuite> <!-- com.focus.testcases.URLBrowserTest -->
